<?xml version="1.0" encoding="UTF-8"?>
<testsuite name="Demoguru" tests="2" skipped="0" failures="0" errors="0" timestamp="2021-10-29T22:14:14" hostname="DESKTOP-5KVMUJO" time="19.946">
  <properties/>
  <testcase name="registro creacion de un nuevo cliente" classname="Demoguru" time="11.942"/>
  <testcase name="registro la creacion de una nueva cuenta" classname="Demoguru" time="7.997"/>
  <system-out><![CDATA[79219
]]></system-out>
  <system-err><![CDATA[oct 29, 2021 5:14:16 PM org.openqa.selenium.remote.DesiredCapabilities chrome
INFORMACIÓN: Using `new ChromeOptions()` is preferred to `DesiredCapabilities.chrome()`
Starting ChromeDriver 95.0.4638.17 (a9d0719444d4b035e284ed1fce73bf6ccd789df2-refs/branch-heads/4638@{#178}) on port 12187
Only local connections are allowed.
Please see https://chromedriver.chromium.org/security-considerations for suggestions on keeping ChromeDriver safe.
ChromeDriver was started successfully.
oct 29, 2021 5:14:18 PM org.openqa.selenium.remote.ProtocolHandshake createSession
INFORMACIÓN: Detected dialect: W3C
oct 29, 2021 5:14:27 PM org.openqa.selenium.remote.DesiredCapabilities chrome
INFORMACIÓN: Using `new ChromeOptions()` is preferred to `DesiredCapabilities.chrome()`
Starting ChromeDriver 95.0.4638.17 (a9d0719444d4b035e284ed1fce73bf6ccd789df2-refs/branch-heads/4638@{#178}) on port 33922
Only local connections are allowed.
Please see https://chromedriver.chromium.org/security-considerations for suggestions on keeping ChromeDriver safe.
ChromeDriver was started successfully.
oct 29, 2021 5:14:28 PM org.openqa.selenium.remote.ProtocolHandshake createSession
INFORMACIÓN: Detected dialect: W3C
]]></system-err>
</testsuite>
